#
# There is insufficient memory for the Java Runtime Environment to continue.
# Native memory allocation (malloc) failed to allocate 431040 bytes. Error detail: Chunk::new
# Possible reasons:
#   The system is out of physical RAM or swap space
#   This process is running with CompressedOops enabled, and the Java Heap may be blocking the growth of the native heap
# Possible solutions:
#   Reduce memory load on the system
#   Increase physical memory or swap space
#   Check if swap backing store is full
#   Decrease Java heap size (-Xmx/-Xms)
#   Decrease number of Java threads
#   Decrease Java thread stack sizes (-Xss)
#   Set larger code cache with -XX:ReservedCodeCacheSize=
#   JVM is running with Unscaled Compressed Oops mode in which the Java heap is
#     placed in the first 4GB address space. The Java Heap base address is the
#     maximum limit for the native heap growth. Please use -XX:HeapBaseMinAddress
#     to set the Java Heap base and to place the Java Heap above 4GB virtual address.
# This output file may be truncated or incomplete.
#
#  Out of Memory Error (arena.cpp:150), pid=18572, tid=22172
#
# JRE version: Java(TM) SE Runtime Environment (22.0.2+9) (build 22.0.2+9-70)
# Java VM: Java HotSpot(TM) 64-Bit Server VM (22.0.2+9-70, mixed mode, sharing, tiered, compressed oops, compressed class ptrs, g1 gc, windows-amd64)
# No core dump will be written. Minidumps are not enabled by default on client versions of Windows
#

---------------  S U M M A R Y ------------

Command Line: -Dorg.jetbrains.run.directory=D:\STUDY\DEPI TESTING\Testing_projects Depi\CucumberFrameWork\src\main\resources\features -javaagent:D:\programs\IntelliJ IDEA Community Edition 2024.2.1\lib\idea_rt.jar=61008:D:\programs\IntelliJ IDEA Community Edition 2024.2.1\bin -Dfile.encoding=UTF-8 -Dsun.stdout.encoding=UTF-8 -Dsun.stderr.encoding=UTF-8 io.cucumber.core.cli.Main --plugin org.jetbrains.plugins.cucumber.java.run.CucumberJvm5SMFormatter --name ^log_out$ --glue org.example.stepDefs D:/STUDY/DEPI TESTING/Testing_projects Depi/CucumberFrameWork/src/main/resources/features/F03_Log_out.feature

Host: Intel(R) Core(TM) i5-10200H CPU @ 2.40GHz, 8 cores, 7G,  Windows 11 , 64 bit Build 22621 (10.0.22621.3958)
Time: Fri Oct 11 20:19:00 2024 Egypt Daylight Time elapsed time: 8.556364 seconds (0d 0h 0m 8s)

---------------  T H R E A D  ---------------

Current thread (0x0000020b9b59ee30):  JavaThread "C2 CompilerThread0" daemon [_thread_in_native, id=22172, stack(0x0000005eb8f00000,0x0000005eb9000000) (1024K)]


Current CompileTask:
C2:8556 2234       4       jdk.internal.org.objectweb.asm.Frame::execute (2305 bytes)

Stack: [0x0000005eb8f00000,0x0000005eb9000000]
Native frames: (J=compiled Java code, j=interpreted, Vv=VM code, C=native code)
V  [jvm.dll+0x6e26e9]  (no source info available)
V  [jvm.dll+0x875753]  (no source info available)
V  [jvm.dll+0x877b7e]  (no source info available)
V  [jvm.dll+0x878253]  (no source info available)
V  [jvm.dll+0x27fc86]  (no source info available)
V  [jvm.dll+0xc3d0f]  (no source info available)
V  [jvm.dll+0xc3f6b]  (no source info available)
V  [jvm.dll+0x3bb47c]  (no source info available)
V  [jvm.dll+0x387d4b]  (no source info available)
V  [jvm.dll+0x3871ba]  (no source info available)
V  [jvm.dll+0x2477f8]  (no source info available)
V  [jvm.dll+0x246e9f]  (no source info available)
V  [jvm.dll+0x1c4e80]  (no source info available)
V  [jvm.dll+0x2568f3]  (no source info available)
V  [jvm.dll+0x254baa]  (no source info available)
V  [jvm.dll+0x3f57a6]  (no source info available)
V  [jvm.dll+0x81dc0b]  (no source info available)
V  [jvm.dll+0x6e0d85]  (no source info available)
C  [ucrtbase.dll+0x29333]  (no source info available)
C  [KERNEL32.DLL+0x1257d]  (no source info available)
C  [ntdll.dll+0x5af08]  (no source info available)


---------------  P R O C E S S  ---------------

Threads class SMR info:
_java_thread_list=0x0000020be1b64170, length=26, elements={
0x0000020bfcbaf180, 0x0000020b9b5879f0, 0x0000020b9b588810, 0x0000020b9b5933c0,
0x0000020b9b596330, 0x0000020b9b597da0, 0x0000020b9b598930, 0x0000020b9b59ee30,
0x0000020b9b5a0940, 0x0000020b9b555f50, 0x0000020b9ba926c0, 0x0000020be1069580,
0x0000020be1abfe30, 0x0000020be1b1b5a0, 0x0000020be1b1c490, 0x0000020be1b89520,
0x0000020be1b4ac00, 0x0000020be1c26340, 0x0000020be1c29130, 0x0000020be1c27060,
0x0000020be1c27d80, 0x0000020be1c25cb0, 0x0000020be1c269d0, 0x0000020be1c28aa0,
0x0000020be1c28410, 0x0000020be1c276f0
}

Java Threads: ( => current thread )
  0x0000020bfcbaf180 JavaThread "Forwarding clickElement on session 9c1fc0aa53654e8974a677fc58cc741d to remote"        [_thread_blocked, id=16748, stack(0x0000005eb8100000,0x0000005eb8200000) (1024K)]
  0x0000020b9b5879f0 JavaThread "Reference Handler"          daemon [_thread_blocked, id=20984, stack(0x0000005eb8900000,0x0000005eb8a00000) (1024K)]
  0x0000020b9b588810 JavaThread "Finalizer"                  daemon [_thread_blocked, id=21932, stack(0x0000005eb8a00000,0x0000005eb8b00000) (1024K)]
  0x0000020b9b5933c0 JavaThread "Signal Dispatcher"          daemon [_thread_blocked, id=13520, stack(0x0000005eb8b00000,0x0000005eb8c00000) (1024K)]
  0x0000020b9b596330 JavaThread "Attach Listener"            daemon [_thread_blocked, id=21976, stack(0x0000005eb8c00000,0x0000005eb8d00000) (1024K)]
  0x0000020b9b597da0 JavaThread "Service Thread"             daemon [_thread_blocked, id=19972, stack(0x0000005eb8d00000,0x0000005eb8e00000) (1024K)]
  0x0000020b9b598930 JavaThread "Monitor Deflation Thread"   daemon [_thread_blocked, id=13216, stack(0x0000005eb8e00000,0x0000005eb8f00000) (1024K)]
=>0x0000020b9b59ee30 JavaThread "C2 CompilerThread0"         daemon [_thread_in_native, id=22172, stack(0x0000005eb8f00000,0x0000005eb9000000) (1024K)]
  0x0000020b9b5a0940 JavaThread "C1 CompilerThread0"         daemon [_thread_blocked, id=18824, stack(0x0000005eb9000000,0x0000005eb9100000) (1024K)]
  0x0000020b9b555f50 JavaThread "Common-Cleaner"             daemon [_thread_blocked, id=19992, stack(0x0000005eb9100000,0x0000005eb9200000) (1024K)]
  0x0000020b9ba926c0 JavaThread "Monitor Ctrl-Break"         daemon [_thread_in_native, id=22396, stack(0x0000005eb9400000,0x0000005eb9500000) (1024K)]
  0x0000020be1069580 JavaThread "Notification Thread"        daemon [_thread_blocked, id=5260, stack(0x0000005eb9500000,0x0000005eb9600000) (1024K)]
  0x0000020be1abfe30 JavaThread "ForkJoinPool.commonPool-worker-1" daemon [_thread_blocked, id=4748, stack(0x0000005eb9b00000,0x0000005eb9c00000) (1024K)]
  0x0000020be1b1b5a0 JavaThread "HttpClient-1-SelectorManager" daemon [_thread_in_native, id=17464, stack(0x0000005eb9d00000,0x0000005eb9e00000) (1024K)]
  0x0000020be1b1c490 JavaThread "External Process Output Forwarder - C:\Users\DELL\.cache\selenium\chromedriver\win64\129.0.6668.100\chromedriver.exe" daemon [_thread_in_native, id=20828, stack(0x0000005eb9e00000,0x0000005eb9f00000) (1024K)]
  0x0000020be1b89520 JavaThread "Driver Service Executor"    daemon [_thread_blocked, id=11712, stack(0x0000005eb9f00000,0x0000005eba000000) (1024K)]
  0x0000020be1b4ac00 JavaThread "Driver Service Executor"    daemon [_thread_in_native, id=8520, stack(0x0000005eba000000,0x0000005eba100000) (1024K)]
  0x0000020be1c26340 JavaThread "UrlChecker-2"               daemon [_thread_blocked, id=5976, stack(0x0000005eba100000,0x0000005eba200000) (1024K)]
  0x0000020be1c29130 JavaThread "Keep-Alive-Timer"           daemon [_thread_blocked, id=13320, stack(0x0000005eba300000,0x0000005eba400000) (1024K)]
  0x0000020be1c27060 JavaThread "JdkHttpClient-0-0"          daemon [_thread_blocked, id=23068, stack(0x0000005eba400000,0x0000005eba500000) (1024K)]
  0x0000020be1c27d80 JavaThread "JdkHttpClient-0-1"          daemon [_thread_blocked, id=16100, stack(0x0000005eba500000,0x0000005eba600000) (1024K)]
  0x0000020be1c25cb0 JavaThread "JdkHttpClient-0-2"          daemon [_thread_blocked, id=17192, stack(0x0000005eba600000,0x0000005eba700000) (1024K)]
  0x0000020be1c269d0 JavaThread "HttpClient-2-SelectorManager" daemon [_thread_in_native, id=18548, stack(0x0000005eb9c00000,0x0000005eb9d00000) (1024K)]
  0x0000020be1c28aa0 JavaThread "JdkHttpClient-1-0"          daemon [_thread_blocked, id=12340, stack(0x0000005eba700000,0x0000005eba800000) (1024K)]
  0x0000020be1c28410 JavaThread "JdkHttpClient-1-1"          daemon [_thread_blocked, id=15640, stack(0x0000005eba800000,0x0000005eba900000) (1024K)]
  0x0000020be1c276f0 JavaThread "JdkHttpClient-1-2"          daemon [_thread_blocked, id=304, stack(0x0000005eba900000,0x0000005ebaa00000) (1024K)]
Total: 26

Other Threads:
  0x0000020b9b56e7e0 VMThread "VM Thread"                           [id=19568, stack(0x0000005eb8800000,0x0000005eb8900000) (1024K)]
  0x0000020b9b555360 WatcherThread "VM Periodic Task Thread"        [id=14252, stack(0x0000005eb8700000,0x0000005eb8800000) (1024K)]
  0x0000020bfee05400 WorkerThread "GC Thread#0"                     [id=4064, stack(0x0000005eb8200000,0x0000005eb8300000) (1024K)]
  0x0000020be18be370 WorkerThread "GC Thread#1"                     [id=21596, stack(0x0000005eb9200000,0x0000005eb9300000) (1024K)]
  0x0000020be1aaee60 WorkerThread "GC Thread#2"                     [id=11512, stack(0x0000005eb9300000,0x0000005eb9400000) (1024K)]
  0x0000020be1a8e080 WorkerThread "GC Thread#3"                     [id=18704, stack(0x0000005eb9600000,0x0000005eb9700000) (1024K)]
  0x0000020be1acc4e0 WorkerThread "GC Thread#4"                     [id=13580, stack(0x0000005eb9700000,0x0000005eb9800000) (1024K)]
  0x0000020be1ad0d10 WorkerThread "GC Thread#5"                     [id=6780, stack(0x0000005eb9800000,0x0000005eb9900000) (1024K)]
  0x0000020be1adcac0 WorkerThread "GC Thread#6"                     [id=5856, stack(0x0000005eb9900000,0x0000005eb9a00000) (1024K)]
  0x0000020be1add080 WorkerThread "GC Thread#7"                     [id=11036, stack(0x0000005eb9a00000,0x0000005eb9b00000) (1024K)]
  0x0000020bfee15ea0 ConcurrentGCThread "G1 Main Marker"            [id=6352, stack(0x0000005eb8300000,0x0000005eb8400000) (1024K)]
  0x0000020bfee17150 WorkerThread "G1 Conc#0"                       [id=4332, stack(0x0000005eb8400000,0x0000005eb8500000) (1024K)]
  0x0000020b9b4245a0 ConcurrentGCThread "G1 Refine#0"               [id=4052, stack(0x0000005eb8500000,0x0000005eb8600000) (1024K)]
  0x0000020b9b425030 ConcurrentGCThread "G1 Service"                [id=14092, stack(0x0000005eb8600000,0x0000005eb8700000) (1024K)]
Total: 14

Threads with active compile tasks:
C2 CompilerThread0  8661 2234       4       jdk.internal.org.objectweb.asm.Frame::execute (2305 bytes)
Total: 1

VM state: not at safepoint (normal execution)

VM Mutex/Monitor currently owned by a thread: None

Heap address: 0x0000000083800000, size: 1992 MB, Compressed Oops mode: 32-bit

CDS archive(s) mapped at: [0x0000020b9c000000-0x0000020b9cc60000-0x0000020b9cc60000), size 12976128, SharedBaseAddress: 0x0000020b9c000000, ArchiveRelocationMode: 1.
Compressed class space mapped at: 0x0000020b9d000000-0x0000020bdd000000, reserved size: 1073741824
Narrow klass base: 0x0000020b9c000000, Narrow klass shift: 0, Narrow klass range: 0x41000000

GC Precious Log:
 CardTable entry size: 512
 Card Set container configuration: InlinePtr #cards 5 size 8 Array Of Cards #cards 12 size 40 Howl #buckets 4 coarsen threshold 1843 Howl Bitmap #cards 512 size 80 coarsen threshold 460 Card regions per heap region 1 cards per card region 2048
 CPUs: 8 total, 8 available
 Memory: 7967M
 Large Page Support: Disabled
 NUMA Support: Disabled
 Compressed Oops: Enabled (32-bit)
 Heap Region Size: 1M
 Heap Min Capacity: 8M
 Heap Initial Capacity: 126M
 Heap Max Capacity: 1992M
 Pre-touch: Disabled
 Parallel Workers: 8
 Concurrent Workers: 2
 Concurrent Refinement Workers: 8
 Periodic GC: Disabled

Heap:
 garbage-first heap   total reserved 2039808K, committed 129024K, used 24959K [0x0000000083800000, 0x0000000100000000)
  region size 1024K, 24 young (24576K), 3 survivors (3072K)
 Metaspace       used 14971K, committed 15360K, reserved 1114112K
  class space    used 1957K, committed 2112K, reserved 1048576K

Heap Regions: E=young(eden), S=young(survivor), O=old, HS=humongous(starts), HC=humongous(continues), CS=collection set, F=free, TAMS=top-at-mark-start, PB=parsable bottom
|   0|0x0000000083800000, 0x0000000083900000, 0x0000000083900000|100%| O|  |TAMS 0x0000000083800000| PB 0x0000000083800000| Untracked |  0
|   1|0x0000000083900000, 0x0000000083a00000, 0x0000000083a00000|100%| O|  |TAMS 0x0000000083900000| PB 0x0000000083900000| Untracked |  0
|   2|0x0000000083a00000, 0x0000000083a5ffa0, 0x0000000083b00000| 37%| O|  |TAMS 0x0000000083a00000| PB 0x0000000083a00000| Untracked |  0
|   3|0x0000000083b00000, 0x0000000083b00000, 0x0000000083c00000|  0%| F|  |TAMS 0x0000000083b00000| PB 0x0000000083b00000| Untracked |  0
|   4|0x0000000083c00000, 0x0000000083c00000, 0x0000000083d00000|  0%| F|  |TAMS 0x0000000083c00000| PB 0x0000000083c00000| Untracked |  0
|   5|0x0000000083d00000, 0x0000000083d00000, 0x0000000083e00000|  0%| F|  |TAMS 0x0000000083d00000| PB 0x0000000083d00000| Untracked |  0
|   6|0x0000000083e00000, 0x0000000083e00000, 0x0000000083f00000|  0%| F|  |TAMS 0x0000000083e00000| PB 0x0000000083e00000| Untracked |  0
|   7|0x0000000083f00000, 0x0000000083f00000, 0x0000000084000000|  0%| F|  |TAMS 0x0000000083f00000| PB 0x0000000083f00000| Untracked |  0
|   8|0x0000000084000000, 0x0000000084000000, 0x0000000084100000|  0%| F|  |TAMS 0x0000000084000000| PB 0x0000000084000000| Untracked |  0
|   9|0x0000000084100000, 0x0000000084100000, 0x0000000084200000|  0%| F|  |TAMS 0x0000000084100000| PB 0x0000000084100000| Untracked |  0
|  10|0x0000000084200000, 0x0000000084200000, 0x0000000084300000|  0%| F|  |TAMS 0x0000000084200000| PB 0x0000000084200000| Untracked |  0
|  11|0x0000000084300000, 0x0000000084300000, 0x0000000084400000|  0%| F|  |TAMS 0x0000000084300000| PB 0x0000000084300000| Untracked |  0
|  12|0x0000000084400000, 0x0000000084400000, 0x0000000084500000|  0%| F|  |TAMS 0x0000000084400000| PB 0x0000000084400000| Untracked |  0
|  13|0x0000000084500000, 0x0000000084500000, 0x0000000084600000|  0%| F|  |TAMS 0x0000000084500000| PB 0x0000000084500000| Untracked |  0
|  14|0x0000000084600000, 0x0000000084600000, 0x0000000084700000|  0%| F|  |TAMS 0x0000000084600000| PB 0x0000000084600000| Untracked |  0
|  15|0x0000000084700000, 0x0000000084700000, 0x0000000084800000|  0%| F|  |TAMS 0x0000000084700000| PB 0x0000000084700000| Untracked |  0
|  16|0x0000000084800000, 0x0000000084800000, 0x0000000084900000|  0%| F|  |TAMS 0x0000000084800000| PB 0x0000000084800000| Untracked |  0
|  17|0x0000000084900000, 0x0000000084900000, 0x0000000084a00000|  0%| F|  |TAMS 0x0000000084900000| PB 0x0000000084900000| Untracked |  0
|  18|0x0000000084a00000, 0x0000000084a00000, 0x0000000084b00000|  0%| F|  |TAMS 0x0000000084a00000| PB 0x0000000084a00000| Untracked |  0
|  19|0x0000000084b00000, 0x0000000084b00000, 0x0000000084c00000|  0%| F|  |TAMS 0x0000000084b00000| PB 0x0000000084b00000| Untracked |  0
|  20|0x0000000084c00000, 0x0000000084c00000, 0x0000000084d00000|  0%| F|  |TAMS 0x0000000084c00000| PB 0x0000000084c00000| Untracked |  0
|  21|0x0000000084d00000, 0x0000000084d00000, 0x0000000084e00000|  0%| F|  |TAMS 0x0000000084d00000| PB 0x0000000084d00000| Untracked |  0
|  22|0x0000000084e00000, 0x0000000084e00000, 0x0000000084f00000|  0%| F|  |TAMS 0x0000000084e00000| PB 0x0000000084e00000| Untracked |  0
|  23|0x0000000084f00000, 0x0000000084f00000, 0x0000000085000000|  0%| F|  |TAMS 0x0000000084f00000| PB 0x0000000084f00000| Untracked |  0
|  24|0x0000000085000000, 0x0000000085000000, 0x0000000085100000|  0%| F|  |TAMS 0x0000000085000000| PB 0x0000000085000000| Untracked |  0
|  25|0x0000000085100000, 0x0000000085100000, 0x0000000085200000|  0%| F|  |TAMS 0x0000000085100000| PB 0x0000000085100000| Untracked |  0
|  26|0x0000000085200000, 0x0000000085200000, 0x0000000085300000|  0%| F|  |TAMS 0x0000000085200000| PB 0x0000000085200000| Untracked |  0
|  27|0x0000000085300000, 0x0000000085300000, 0x0000000085400000|  0%| F|  |TAMS 0x0000000085300000| PB 0x0000000085300000| Untracked |  0
|  28|0x0000000085400000, 0x0000000085400000, 0x0000000085500000|  0%| F|  |TAMS 0x0000000085400000| PB 0x0000000085400000| Untracked |  0
|  29|0x0000000085500000, 0x0000000085500000, 0x0000000085600000|  0%| F|  |TAMS 0x0000000085500000| PB 0x0000000085500000| Untracked |  0
|  30|0x0000000085600000, 0x0000000085600000, 0x0000000085700000|  0%| F|  |TAMS 0x0000000085600000| PB 0x0000000085600000| Untracked |  0
|  31|0x0000000085700000, 0x0000000085700000, 0x0000000085800000|  0%| F|  |TAMS 0x0000000085700000| PB 0x0000000085700000| Untracked |  0
|  32|0x0000000085800000, 0x0000000085800000, 0x0000000085900000|  0%| F|  |TAMS 0x0000000085800000| PB 0x0000000085800000| Untracked |  0
|  33|0x0000000085900000, 0x0000000085900000, 0x0000000085a00000|  0%| F|  |TAMS 0x0000000085900000| PB 0x0000000085900000| Untracked |  0
|  34|0x0000000085a00000, 0x0000000085a00000, 0x0000000085b00000|  0%| F|  |TAMS 0x0000000085a00000| PB 0x0000000085a00000| Untracked |  0
|  35|0x0000000085b00000, 0x0000000085b00000, 0x0000000085c00000|  0%| F|  |TAMS 0x0000000085b00000| PB 0x0000000085b00000| Untracked |  0
|  36|0x0000000085c00000, 0x0000000085c00000, 0x0000000085d00000|  0%| F|  |TAMS 0x0000000085c00000| PB 0x0000000085c00000| Untracked |  0
|  37|0x0000000085d00000, 0x0000000085d00000, 0x0000000085e00000|  0%| F|  |TAMS 0x0000000085d00000| PB 0x0000000085d00000| Untracked |  0
|  38|0x0000000085e00000, 0x0000000085e00000, 0x0000000085f00000|  0%| F|  |TAMS 0x0000000085e00000| PB 0x0000000085e00000| Untracked |  0
|  39|0x0000000085f00000, 0x0000000085f00000, 0x0000000086000000|  0%| F|  |TAMS 0x0000000085f00000| PB 0x0000000085f00000| Untracked |  0
|  40|0x0000000086000000, 0x0000000086000000, 0x0000000086100000|  0%| F|  |TAMS 0x0000000086000000| PB 0x0000000086000000| Untracked |  0
|  41|0x0000000086100000, 0x0000000086100000, 0x0000000086200000|  0%| F|  |TAMS 0x0000000086100000| PB 0x0000000086100000| Untracked |  0
|  42|0x0000000086200000, 0x0000000086200000, 0x0000000086300000|  0%| F|  |TAMS 0x0000000086200000| PB 0x0000000086200000| Untracked |  0
|  43|0x0000000086300000, 0x0000000086300000, 0x0000000086400000|  0%| F|  |TAMS 0x0000000086300000| PB 0x0000000086300000| Untracked |  0
|  44|0x0000000086400000, 0x0000000086400000, 0x0000000086500000|  0%| F|  |TAMS 0x0000000086400000| PB 0x0000000086400000| Untracked |  0
|  45|0x0000000086500000, 0x0000000086500000, 0x0000000086600000|  0%| F|  |TAMS 0x0000000086500000| PB 0x0000000086500000| Untracked |  0
|  46|0x0000000086600000, 0x0000000086600000, 0x0000000086700000|  0%| F|  |TAMS 0x0000000086600000| PB 0x0000000086600000| Untracked |  0
|  47|0x0000000086700000, 0x0000000086700000, 0x0000000086800000|  0%| F|  |TAMS 0x0000000086700000| PB 0x0000000086700000| Untracked |  0
|  48|0x0000000086800000, 0x0000000086800000, 0x0000000086900000|  0%| F|  |TAMS 0x0000000086800000| PB 0x0000000086800000| Untracked |  0
|  49|0x0000000086900000, 0x0000000086900000, 0x0000000086a00000|  0%| F|  |TAMS 0x0000000086900000| PB 0x0000000086900000| Untracked |  0
|  50|0x0000000086a00000, 0x0000000086a00000, 0x0000000086b00000|  0%| F|  |TAMS 0x0000000086a00000| PB 0x0000000086a00000| Untracked |  0
|  51|0x0000000086b00000, 0x0000000086b00000, 0x0000000086c00000|  0%| F|  |TAMS 0x0000000086b00000| PB 0x0000000086b00000| Untracked |  0
|  52|0x0000000086c00000, 0x0000000086c00000, 0x0000000086d00000|  0%| F|  |TAMS 0x0000000086c00000| PB 0x0000000086c00000| Untracked |  0
|  53|0x0000000086d00000, 0x0000000086d00000, 0x0000000086e00000|  0%| F|  |TAMS 0x0000000086d00000| PB 0x0000000086d00000| Untracked |  0
|  54|0x0000000086e00000, 0x0000000086e00000, 0x0000000086f00000|  0%| F|  |TAMS 0x0000000086e00000| PB 0x0000000086e00000| Untracked |  0
|  55|0x0000000086f00000, 0x0000000086f00000, 0x0000000087000000|  0%| F|  |TAMS 0x0000000086f00000| PB 0x0000000086f00000| Untracked |  0
|  56|0x0000000087000000, 0x0000000087000000, 0x0000000087100000|  0%| F|  |TAMS 0x0000000087000000| PB 0x0000000087000000| Untracked |  0
|  57|0x0000000087100000, 0x0000000087100000, 0x0000000087200000|  0%| F|  |TAMS 0x0000000087100000| PB 0x0000000087100000| Untracked |  0
|  58|0x0000000087200000, 0x0000000087200000, 0x0000000087300000|  0%| F|  |TAMS 0x0000000087200000| PB 0x0000000087200000| Untracked |  0
|  59|0x0000000087300000, 0x0000000087300000, 0x0000000087400000|  0%| F|  |TAMS 0x0000000087300000| PB 0x0000000087300000| Untracked |  0
|  60|0x0000000087400000, 0x0000000087400000, 0x0000000087500000|  0%| F|  |TAMS 0x0000000087400000| PB 0x0000000087400000| Untracked |  0
|  61|0x0000000087500000, 0x0000000087500000, 0x0000000087600000|  0%| F|  |TAMS 0x0000000087500000| PB 0x0000000087500000| Untracked |  0
|  62|0x0000000087600000, 0x0000000087600000, 0x0000000087700000|  0%| F|  |TAMS 0x0000000087600000| PB 0x0000000087600000| Untracked |  0
|  63|0x0000000087700000, 0x0000000087700000, 0x0000000087800000|  0%| F|  |TAMS 0x0000000087700000| PB 0x0000000087700000| Untracked |  0
|  64|0x0000000087800000, 0x0000000087800000, 0x0000000087900000|  0%| F|  |TAMS 0x0000000087800000| PB 0x0000000087800000| Untracked |  0
|  65|0x0000000087900000, 0x0000000087900000, 0x0000000087a00000|  0%| F|  |TAMS 0x0000000087900000| PB 0x0000000087900000| Untracked |  0
|  66|0x0000000087a00000, 0x0000000087a00000, 0x0000000087b00000|  0%| F|  |TAMS 0x0000000087a00000| PB 0x0000000087a00000| Untracked |  0
|  67|0x0000000087b00000, 0x0000000087b00000, 0x0000000087c00000|  0%| F|  |TAMS 0x0000000087b00000| PB 0x0000000087b00000| Untracked |  0
|  68|0x0000000087c00000, 0x0000000087c00000, 0x0000000087d00000|  0%| F|  |TAMS 0x0000000087c00000| PB 0x0000000087c00000| Untracked |  0
|  69|0x0000000087d00000, 0x0000000087d00000, 0x0000000087e00000|  0%| F|  |TAMS 0x0000000087d00000| PB 0x0000000087d00000| Untracked |  0
|  70|0x0000000087e00000, 0x0000000087e00000, 0x0000000087f00000|  0%| F|  |TAMS 0x0000000087e00000| PB 0x0000000087e00000| Untracked |  0
|  71|0x0000000087f00000, 0x0000000087f00000, 0x0000000088000000|  0%| F|  |TAMS 0x0000000087f00000| PB 0x0000000087f00000| Untracked |  0
|  72|0x0000000088000000, 0x0000000088000000, 0x0000000088100000|  0%| F|  |TAMS 0x0000000088000000| PB 0x0000000088000000| Untracked |  0
|  73|0x0000000088100000, 0x0000000088100000, 0x0000000088200000|  0%| F|  |TAMS 0x0000000088100000| PB 0x0000000088100000| Untracked |  0
|  74|0x0000000088200000, 0x0000000088200000, 0x0000000088300000|  0%| F|  |TAMS 0x0000000088200000| PB 0x0000000088200000| Untracked |  0
|  75|0x0000000088300000, 0x0000000088300000, 0x0000000088400000|  0%| F|  |TAMS 0x0000000088300000| PB 0x0000000088300000| Untracked |  0
|  76|0x0000000088400000, 0x0000000088400000, 0x0000000088500000|  0%| F|  |TAMS 0x0000000088400000| PB 0x0000000088400000| Untracked |  0
|  77|0x0000000088500000, 0x0000000088500000, 0x0000000088600000|  0%| F|  |TAMS 0x0000000088500000| PB 0x0000000088500000| Untracked |  0
|  78|0x0000000088600000, 0x0000000088600000, 0x0000000088700000|  0%| F|  |TAMS 0x0000000088600000| PB 0x0000000088600000| Untracked |  0
|  79|0x0000000088700000, 0x0000000088700000, 0x0000000088800000|  0%| F|  |TAMS 0x0000000088700000| PB 0x0000000088700000| Untracked |  0
|  80|0x0000000088800000, 0x0000000088800000, 0x0000000088900000|  0%| F|  |TAMS 0x0000000088800000| PB 0x0000000088800000| Untracked |  0
|  81|0x0000000088900000, 0x0000000088900000, 0x0000000088a00000|  0%| F|  |TAMS 0x0000000088900000| PB 0x0000000088900000| Untracked |  0
|  82|0x0000000088a00000, 0x0000000088a00000, 0x0000000088b00000|  0%| F|  |TAMS 0x0000000088a00000| PB 0x0000000088a00000| Untracked |  0
|  83|0x0000000088b00000, 0x0000000088b00000, 0x0000000088c00000|  0%| F|  |TAMS 0x0000000088b00000| PB 0x0000000088b00000| Untracked |  0
|  84|0x0000000088c00000, 0x0000000088c00000, 0x0000000088d00000|  0%| F|  |TAMS 0x0000000088c00000| PB 0x0000000088c00000| Untracked |  0
|  85|0x0000000088d00000, 0x0000000088d00000, 0x0000000088e00000|  0%| F|  |TAMS 0x0000000088d00000| PB 0x0000000088d00000| Untracked |  0
|  86|0x0000000088e00000, 0x0000000088e00000, 0x0000000088f00000|  0%| F|  |TAMS 0x0000000088e00000| PB 0x0000000088e00000| Untracked |  0
|  87|0x0000000088f00000, 0x0000000088f00000, 0x0000000089000000|  0%| F|  |TAMS 0x0000000088f00000| PB 0x0000000088f00000| Untracked |  0
|  88|0x0000000089000000, 0x0000000089000000, 0x0000000089100000|  0%| F|  |TAMS 0x0000000089000000| PB 0x0000000089000000| Untracked |  0
|  89|0x0000000089100000, 0x0000000089100000, 0x0000000089200000|  0%| F|  |TAMS 0x0000000089100000| PB 0x0000000089100000| Untracked |  0
|  90|0x0000000089200000, 0x0000000089200000, 0x0000000089300000|  0%| F|  |TAMS 0x0000000089200000| PB 0x0000000089200000| Untracked |  0
|  91|0x0000000089300000, 0x0000000089300000, 0x0000000089400000|  0%| F|  |TAMS 0x0000000089300000| PB 0x0000000089300000| Untracked |  0
|  92|0x0000000089400000, 0x0000000089400000, 0x0000000089500000|  0%| F|  |TAMS 0x0000000089400000| PB 0x0000000089400000| Untracked |  0
|  93|0x0000000089500000, 0x0000000089500000, 0x0000000089600000|  0%| F|  |TAMS 0x0000000089500000| PB 0x0000000089500000| Untracked |  0
|  94|0x0000000089600000, 0x0000000089600000, 0x0000000089700000|  0%| F|  |TAMS 0x0000000089600000| PB 0x0000000089600000| Untracked |  0
|  95|0x0000000089700000, 0x0000000089700000, 0x0000000089800000|  0%| F|  |TAMS 0x0000000089700000| PB 0x0000000089700000| Untracked |  0
|  96|0x0000000089800000, 0x0000000089800000, 0x0000000089900000|  0%| F|  |TAMS 0x0000000089800000| PB 0x0000000089800000| Untracked |  0
|  97|0x0000000089900000, 0x0000000089900000, 0x0000000089a00000|  0%| F|  |TAMS 0x0000000089900000| PB 0x0000000089900000| Untracked |  0
|  98|0x0000000089a00000, 0x0000000089a00000, 0x0000000089b00000|  0%| F|  |TAMS 0x0000000089a00000| PB 0x0000000089a00000| Untracked |  0
|  99|0x0000000089b00000, 0x0000000089c00000, 0x0000000089c00000|100%| S|CS|TAMS 0x0000000089b00000| PB 0x0000000089b00000| Complete |  0
| 100|0x0000000089c00000, 0x0000000089d00000, 0x0000000089d00000|100%| S|CS|TAMS 0x0000000089c00000| PB 0x0000000089c00000| Complete |  0
| 101|0x0000000089d00000, 0x0000000089e00000, 0x0000000089e00000|100%| S|CS|TAMS 0x0000000089d00000| PB 0x0000000089d00000| Complete |  0
| 102|0x0000000089e00000, 0x0000000089e00000, 0x0000000089f00000|  0%| F|  |TAMS 0x0000000089e00000| PB 0x0000000089e00000| Untracked |  0
| 103|0x0000000089f00000, 0x0000000089f00000, 0x000000008a000000|  0%| F|  |TAMS 0x0000000089f00000| PB 0x0000000089f00000| Untracked |  0
| 104|0x000000008a000000, 0x000000008a000000, 0x000000008a100000|  0%| F|  |TAMS 0x000000008a000000| PB 0x000000008a000000| Untracked |  0
| 105|0x000000008a100000, 0x000000008a200000, 0x000000008a200000|100%| E|  |TAMS 0x000000008a100000| PB 0x000000008a100000| Complete |  0
| 106|0x000000008a200000, 0x000000008a300000, 0x000000008a300000|100%| E|CS|TAMS 0x000000008a200000| PB 0x000000008a200000| Complete |  0
| 107|0x000000008a300000, 0x000000008a400000, 0x000000008a400000|100%| E|CS|TAMS 0x000000008a300000| PB 0x000000008a300000| Complete |  0
| 108|0x000000008a400000, 0x000000008a500000, 0x000000008a500000|100%| E|CS|TAMS 0x000000008a400000| PB 0x000000008a400000| Complete |  0
| 109|0x000000008a500000, 0x000000008a600000, 0x000000008a600000|100%| E|CS|TAMS 0x000000008a500000| PB 0x000000008a500000| Complete |  0
| 110|0x000000008a600000, 0x000000008a700000, 0x000000008a700000|100%| E|CS|TAMS 0x000000008a600000| PB 0x000000008a600000| Complete |  0
| 111|0x000000008a700000, 0x000000008a800000, 0x000000008a800000|100%| E|CS|TAMS 0x000000008a700000| PB 0x000000008a700000| Complete |  0
| 112|0x000000008a800000, 0x000000008a900000, 0x000000008a900000|100%| E|CS|TAMS 0x000000008a800000| PB 0x000000008a800000| Complete |  0
| 113|0x000000008a900000, 0x000000008aa00000, 0x000000008aa00000|100%| E|CS|TAMS 0x000000008a900000| PB 0x000000008a900000| Complete |  0
| 114|0x000000008aa00000, 0x000000008ab00000, 0x000000008ab00000|100%| E|CS|TAMS 0x000000008aa00000| PB 0x000000008aa00000| Complete |  0
| 115|0x000000008ab00000, 0x000000008ac00000, 0x000000008ac00000|100%| E|CS|TAMS 0x000000008ab00000| PB 0x000000008ab00000| Complete |  0
| 116|0x000000008ac00000, 0x000000008ad00000, 0x000000008ad00000|100%| E|CS|TAMS 0x000000008ac00000| PB 0x000000008ac00000| Complete |  0
| 117|0x000000008ad00000, 0x000000008ae00000, 0x000000008ae00000|100%| E|CS|TAMS 0x000000008ad00000| PB 0x000000008ad00000| Complete |  0
| 118|0x000000008ae00000, 0x000000008af00000, 0x000000008af00000|100%| E|CS|TAMS 0x000000008ae00000| PB 0x000000008ae00000| Complete |  0
| 119|0x000000008af00000, 0x000000008b000000, 0x000000008b000000|100%| E|CS|TAMS 0x000000008af00000| PB 0x000000008af00000| Complete |  0
| 120|0x000000008b000000, 0x000000008b100000, 0x000000008b100000|100%| E|CS|TAMS 0x000000008b000000| PB 0x000000008b000000| Complete |  0
| 121|0x000000008b100000, 0x000000008b200000, 0x000000008b200000|100%| E|  |TAMS 0x000000008b100000| PB 0x000000008b100000| Complete |  0
| 122|0x000000008b200000, 0x000000008b300000, 0x000000008b300000|100%| E|CS|TAMS 0x000000008b200000| PB 0x000000008b200000| Complete |  0
| 123|0x000000008b300000, 0x000000008b400000, 0x000000008b400000|100%| E|CS|TAMS 0x000000008b300000| PB 0x000000008b300000| Complete |  0
| 124|0x000000008b400000, 0x000000008b500000, 0x000000008b500000|100%| E|CS|TAMS 0x000000008b400000| PB 0x000000008b400000| Complete |  0
| 125|0x000000008b500000, 0x000000008b600000, 0x000000008b600000|100%| E|CS|TAMS 0x000000008b500000| PB 0x000000008b500000| Complete |  0

Card table byte_map: [0x0000020bff580000,0x0000020bff970000] _byte_map_base: 0x0000020bff164000

Marking Bits: (CMBitMap*) 0x0000020bfee05b10
 Bits: [0x0000020b97290000, 0x0000020b991b0000)

Polling page: 0x0000020bfccf0000

Metaspace:

Usage:
  Non-class:     12.71 MB used.
      Class:      1.91 MB used.
       Both:     14.62 MB used.

Virtual space:
  Non-class space:       64.00 MB reserved,      12.94 MB ( 20%) committed,  1 nodes.
      Class space:        1.00 GB reserved,       2.06 MB ( <1%) committed,  1 nodes.
             Both:        1.06 GB reserved,      15.00 MB (  1%) committed. 

Chunk freelists:
   Non-Class:  3.05 MB
       Class:  13.83 MB
        Both:  16.89 MB

MaxMetaspaceSize: unlimited
CompressedClassSpaceSize: 1.00 GB
Initial GC threshold: 21.00 MB
Current GC threshold: 21.00 MB
CDS: on
 - commit_granule_bytes: 65536.
 - commit_granule_words: 8192.
 - virtual_space_node_default_size: 8388608.
 - enlarge_chunks_in_place: 1.
 - use_allocation_guard: 0.


Internal statistics:

num_allocs_failed_limit: 0.
num_arena_births: 388.
num_arena_deaths: 0.
num_vsnodes_births: 2.
num_vsnodes_deaths: 0.
num_space_committed: 240.
num_space_uncommitted: 0.
num_chunks_returned_to_freelist: 0.
num_chunks_taken_from_freelist: 794.
num_chunk_merges: 0.
num_chunk_splits: 461.
num_chunks_enlarged: 285.
num_inconsistent_stats: 0.

CodeHeap 'non-profiled nmethods': size=120000Kb used=882Kb max_used=882Kb free=119117Kb
 bounds [0x0000020b8fd60000, 0x0000020b8ffd0000, 0x0000020b97290000]
CodeHeap 'profiled nmethods': size=120000Kb used=4237Kb max_used=4237Kb free=115762Kb
 bounds [0x0000020b88290000, 0x0000020b886c0000, 0x0000020b8f7c0000]
CodeHeap 'non-nmethods': size=5760Kb used=1489Kb max_used=1635Kb free=4270Kb
 bounds [0x0000020b8f7c0000, 0x0000020b8fa30000, 0x0000020b8fd60000]
 total_blobs=2846 nmethods=2280 adapters=470
 compilation: enabled
              stopped_count=0, restarted_count=0
 full_count=0

Compilation events (20 events):
Event: 8.534 Thread 0x0000020b9b5a0940 2256   !   3       java.lang.invoke.BoundMethodHandle$Species_L::copyWithExtendL (31 bytes)
Event: 8.534 Thread 0x0000020b9b59ee30 nmethod 2233 0x0000020b8fe38d10 code [0x0000020b8fe38f40, 0x0000020b8fe39e88]
Event: 8.534 Thread 0x0000020b9b59ee30 2248       4       java.lang.StringLatin1::getChars (102 bytes)
Event: 8.534 Thread 0x0000020b9b5a0940 nmethod 2256 0x0000020b886a4690 code [0x0000020b886a4880, 0x0000020b886a4df8]
Event: 8.534 Thread 0x0000020b9b5a0940 2258   !   3       java.lang.String::<init> (880 bytes)
Event: 8.538 Thread 0x0000020b9b5a0940 nmethod 2258 0x0000020b886a5090 code [0x0000020b886a55c0, 0x0000020b886a8180]
Event: 8.538 Thread 0x0000020b9b5a0940 2257       3       java.lang.invoke.BoundMethodHandle$SpeciesData::extendWith (64 bytes)
Event: 8.539 Thread 0x0000020b9b59ee30 nmethod 2248 0x0000020b8fe3a510 code [0x0000020b8fe3a6c0, 0x0000020b8fe3aa68]
Event: 8.539 Thread 0x0000020b9b59ee30 2234       4       jdk.internal.org.objectweb.asm.Frame::execute (2305 bytes)
Event: 8.539 Thread 0x0000020b9b5a0940 nmethod 2257 0x0000020b886a9010 code [0x0000020b886a9260, 0x0000020b886a9bf8]
Event: 8.539 Thread 0x0000020b9b5a0940 2259       1       java.util.Formatter$FixedString::index (3 bytes)
Event: 8.539 Thread 0x0000020b9b5a0940 nmethod 2259 0x0000020b8fe3ad90 code [0x0000020b8fe3af20, 0x0000020b8fe3afe8]
Event: 8.543 Thread 0x0000020b9b5a0940 2260       2       java.util.Arrays::copyOf (40 bytes)
Event: 8.544 Thread 0x0000020b9b5a0940 nmethod 2260 0x0000020b886a9f10 code [0x0000020b886aa0e0, 0x0000020b886aa4e0]
Event: 8.544 Thread 0x0000020b9b5a0940 2261       3       java.lang.invoke.Invokers$Holder::linkToTargetMethod (11 bytes)
Event: 8.544 Thread 0x0000020b9b5a0940 nmethod 2261 0x0000020b886aa690 code [0x0000020b886aa840, 0x0000020b886aac70]
Event: 8.544 Thread 0x0000020b9b5a0940 2263       3       java.lang.reflect.Array::newInstance (6 bytes)
Event: 8.544 Thread 0x0000020b9b5a0940 nmethod 2263 0x0000020b886aad90 code [0x0000020b886aaf40, 0x0000020b886ab058]
Event: 8.544 Thread 0x0000020b9b5a0940 2262       3       java.lang.invoke.DirectMethodHandle$Holder::newInvokeSpecial (28 bytes)
Event: 8.544 Thread 0x0000020b9b5a0940 nmethod 2262 0x0000020b886ab110 code [0x0000020b886ab300, 0x0000020b886aba60]

GC Heap History (2 events):
Event: 1.622 GC heap before
{Heap before GC invocations=0 (full 0):
 garbage-first heap   total reserved 2039808K, committed 129024K, used 23552K [0x0000000083800000, 0x0000000100000000)
  region size 1024K, 24 young (24576K), 0 survivors (0K)
 Metaspace       used 7189K, committed 7360K, reserved 1114112K
  class space    used 963K, committed 1024K, reserved 1048576K
}
Event: 1.631 GC heap after
{Heap after GC invocations=1 (full 0):
 garbage-first heap   total reserved 2039808K, committed 129024K, used 5503K [0x0000000083800000, 0x0000000100000000)
  region size 1024K, 3 young (3072K), 3 survivors (3072K)
 Metaspace       used 7189K, committed 7360K, reserved 1114112K
  class space    used 963K, committed 1024K, reserved 1048576K
}

Dll operation events (11 events):
Event: 0.013 Loaded shared library C:\Program Files\Java\jdk-22\bin\java.dll
Event: 0.064 Loaded shared library C:\Program Files\Java\jdk-22\bin\jsvml.dll
Event: 0.226 Loaded shared library C:\Program Files\Java\jdk-22\bin\zip.dll
Event: 0.231 Loaded shared library C:\Program Files\Java\jdk-22\bin\instrument.dll
Event: 0.236 Loaded shared library C:\Program Files\Java\jdk-22\bin\net.dll
Event: 0.238 Loaded shared library C:\Program Files\Java\jdk-22\bin\nio.dll
Event: 0.241 Loaded shared library C:\Program Files\Java\jdk-22\bin\zip.dll
Event: 0.317 Loaded shared library D:\programs\IntelliJ IDEA Community Edition 2024.2.1\bin\breakgen64.dll
Event: 0.324 Loaded shared library C:\Program Files\Java\jdk-22\bin\extnet.dll
Event: 0.333 Loaded shared library C:\Program Files\Java\jdk-22\bin\jimage.dll
Event: 1.837 Loaded shared library C:\Program Files\Java\jdk-22\bin\sunmscapi.dll

Deoptimization events (20 events):
Event: 3.335 Thread 0x0000020bfcbaf180 DEOPT PACKING pc=0x0000020b8fdd9c1c sp=0x0000005eb81fd910
Event: 3.335 Thread 0x0000020bfcbaf180 DEOPT UNPACKING pc=0x0000020b8f8146a2 sp=0x0000005eb81fd870 mode 2
Event: 3.419 Thread 0x0000020bfcbaf180 Uncommon trap: trap_request=0xffffffcc fr.pc=0x0000020b8fe2a69c relative=0x000000000000035c
Event: 3.419 Thread 0x0000020bfcbaf180 Uncommon trap: reason=intrinsic_or_type_checked_inlining action=make_not_entrant pc=0x0000020b8fe2a69c method=java.util.Arrays.copyOf([Ljava/lang/Object;ILjava/lang/Class;)[Ljava/lang/Object; @ 35 c2
Event: 3.419 Thread 0x0000020bfcbaf180 DEOPT PACKING pc=0x0000020b8fe2a69c sp=0x0000005eb81fd9a0
Event: 3.419 Thread 0x0000020bfcbaf180 DEOPT UNPACKING pc=0x0000020b8f8146a2 sp=0x0000005eb81fd948 mode 2
Event: 3.431 Thread 0x0000020bfcbaf180 Uncommon trap: trap_request=0xffffff45 fr.pc=0x0000020b8fdabfb0 relative=0x0000000000000270
Event: 3.431 Thread 0x0000020bfcbaf180 Uncommon trap: reason=unstable_if action=reinterpret pc=0x0000020b8fdabfb0 method=jdk.internal.util.ArraysSupport.mismatch([BI[BII)I @ 55 c2
Event: 3.432 Thread 0x0000020bfcbaf180 DEOPT PACKING pc=0x0000020b8fdabfb0 sp=0x0000005eb81f7cf0
Event: 3.432 Thread 0x0000020bfcbaf180 DEOPT UNPACKING pc=0x0000020b8f8146a2 sp=0x0000005eb81f7b90 mode 2
Event: 8.502 Thread 0x0000020bfcbaf180 Uncommon trap: trap_request=0xffffff45 fr.pc=0x0000020b8fdbbbd0 relative=0x0000000000000330
Event: 8.502 Thread 0x0000020bfcbaf180 Uncommon trap: reason=unstable_if action=reinterpret pc=0x0000020b8fdbbbd0 method=jdk.internal.org.objectweb.asm.SymbolTable.put(Ljdk/internal/org/objectweb/asm/SymbolTable$Entry;)Ljdk/internal/org/objectweb/asm/SymbolTable$Entry; @ 13 c2
Event: 8.502 Thread 0x0000020bfcbaf180 DEOPT PACKING pc=0x0000020b8fdbbbd0 sp=0x0000005eb81fd000
Event: 8.502 Thread 0x0000020bfcbaf180 DEOPT UNPACKING pc=0x0000020b8f8146a2 sp=0x0000005eb81fcf80 mode 2
Event: 8.514 Thread 0x0000020bfcbaf180 Uncommon trap: trap_request=0xffffff45 fr.pc=0x0000020b8fdc2798 relative=0x0000000000000a58
Event: 8.514 Thread 0x0000020bfcbaf180 Uncommon trap: reason=unstable_if action=reinterpret pc=0x0000020b8fdc2798 method=jdk.internal.org.objectweb.asm.SymbolTable.put(Ljdk/internal/org/objectweb/asm/SymbolTable$Entry;)Ljdk/internal/org/objectweb/asm/SymbolTable$Entry; @ 13 c2
Event: 8.514 Thread 0x0000020bfcbaf180 DEOPT PACKING pc=0x0000020b8fdc2798 sp=0x0000005eb81fd560
Event: 8.514 Thread 0x0000020bfcbaf180 DEOPT UNPACKING pc=0x0000020b8f8146a2 sp=0x0000005eb81fd488 mode 2
Event: 8.534 Thread 0x0000020bfcbaf180 DEOPT PACKING pc=0x0000020b882fc540 sp=0x0000005eb81fce40
Event: 8.534 Thread 0x0000020bfcbaf180 DEOPT UNPACKING pc=0x0000020b8f814e42 sp=0x0000005eb81fc2f0 mode 0

Classes loaded (20 events):
Event: 3.433 Loading class java/util/logging/Level$RbAccess
Event: 3.433 Loading class java/util/logging/Level$RbAccess done
Event: 3.433 Loading class java/util/ResourceBundle$3
Event: 3.433 Loading class java/util/ResourceBundle$3 done
Event: 3.434 Loading class sun/util/logging/resources/logging
Event: 3.434 Loading class sun/util/logging/resources/logging done
Event: 3.434 Loading class sun/util/logging/resources/logging_en
Event: 3.434 Loading class sun/util/logging/resources/logging_en done
Event: 3.434 Loading class sun/util/logging/resources/logging_en
Event: 3.434 Loading class sun/util/logging/resources/logging_en done
Event: 3.435 Loading class sun/util/logging/resources/logging_en_US
Event: 3.435 Loading class sun/util/logging/resources/logging_en_US done
Event: 3.435 Loading class sun/util/logging/resources/logging_en_US
Event: 3.435 Loading class sun/util/logging/resources/logging_en_US done
Event: 3.435 Loading class java/util/Formatter$DateTime
Event: 3.435 Loading class java/util/Formatter$DateTime done
Event: 8.493 Loading class sun/reflect/generics/repository/FieldRepository
Event: 8.493 Loading class sun/reflect/generics/repository/FieldRepository done
Event: 8.533 Loading class java/util/AbstractList$ListItr
Event: 8.533 Loading class java/util/AbstractList$ListItr done

Classes unloaded (0 events):
No events

Classes redefined (0 events):
No events

Internal exceptions (20 events):
Event: 1.675 Thread 0x0000020bfcbaf180 Exception <a 'java/lang/NoSuchMethodError'{0x000000008b4cb858}: 'int java.lang.invoke.DirectMethodHandle$Holder.invokeStaticInit(java.lang.Object, long, long)'> (0x000000008b4cb858) 
thrown [s\open\src\hotspot\share\interpreter\linkResolver.cpp, line 774]
Event: 1.676 Thread 0x0000020bfcbaf180 Exception <a 'java/lang/NoSuchMethodError'{0x000000008b4d2580}: 'int java.lang.invoke.DirectMethodHandle$Holder.invokeStaticInit(java.lang.Object, float, float)'> (0x000000008b4d2580) 
thrown [s\open\src\hotspot\share\interpreter\linkResolver.cpp, line 774]
Event: 1.676 Thread 0x0000020bfcbaf180 Exception <a 'java/lang/NoSuchMethodError'{0x000000008b4d92a0}: 'int java.lang.invoke.DirectMethodHandle$Holder.invokeStaticInit(java.lang.Object, double, double)'> (0x000000008b4d92a0) 
thrown [s\open\src\hotspot\share\interpreter\linkResolver.cpp, line 774]
Event: 1.677 Thread 0x0000020bfcbaf180 Exception <a 'java/lang/NoSuchMethodError'{0x000000008b4dda00}: 'int java.lang.invoke.DirectMethodHandle$Holder.invokeStatic(java.lang.Object, long)'> (0x000000008b4dda00) 
thrown [s\open\src\hotspot\share\interpreter\linkResolver.cpp, line 774]
Event: 1.679 Thread 0x0000020bfcbaf180 Exception <a 'java/lang/NoSuchMethodError'{0x000000008b4f1c08}: 'int java.lang.invoke.DirectMethodHandle$Holder.invokeSpecial(java.lang.Object, java.lang.Object, java.lang.Object, java.lang.Object)'> (0x000000008b4f1c08) 
thrown [s\open\src\hotspot\share\interpreter\linkResolver.cpp, line 774]
Event: 1.681 Thread 0x0000020bfcbaf180 Exception <a 'java/lang/NoSuchMethodError'{0x000000008b306ca8}: 'java.lang.Object java.lang.invoke.DirectMethodHandle$Holder.invokeSpecial(java.lang.Object, java.lang.Object, int, java.lang.Object, java.lang.Object)'> (0x000000008b306ca8) 
thrown [s\open\src\hotspot\share\interpreter\linkResolver.cpp, line 774]
Event: 1.681 Thread 0x0000020bfcbaf180 Exception <a 'java/lang/NoSuchMethodError'{0x000000008b30a8d8}: 'java.lang.Object java.lang.invoke.DelegatingMethodHandle$Holder.delegate(java.lang.Object, int, java.lang.Object, java.lang.Object)'> (0x000000008b30a8d8) 
thrown [s\open\src\hotspot\share\interpreter\linkResolver.cpp, line 774]
Event: 1.683 Thread 0x0000020bfcbaf180 Exception <a 'java/lang/NoSuchMethodError'{0x000000008b319ff8}: 'int java.lang.invoke.Invokers$Holder.linkToTargetMethod(java.lang.Object, java.lang.Object, java.lang.Object)'> (0x000000008b319ff8) 
thrown [s\open\src\hotspot\share\interpreter\linkResolver.cpp, line 774]
Event: 1.686 Thread 0x0000020bfcbaf180 Exception <a 'java/lang/NoSuchMethodError'{0x000000008b3292b8}: 'long java.lang.invoke.DirectMethodHandle$Holder.invokeSpecial(java.lang.Object, java.lang.Object)'> (0x000000008b3292b8) 
thrown [s\open\src\hotspot\share\interpreter\linkResolver.cpp, line 774]
Event: 1.715 Thread 0x0000020bfcbaf180 Exception <a 'sun/nio/fs/WindowsException'{0x000000008b3f7e40}> (0x000000008b3f7e40) 
thrown [s\open\src\hotspot\share\prims\jni.cpp, line 520]
Event: 1.868 Thread 0x0000020bfcbaf180 Exception <a 'java/lang/IncompatibleClassChangeError'{0x000000008ab82640}: Found class java.lang.Object, but interface was expected> (0x000000008ab82640) 
thrown [s\open\src\hotspot\share\interpreter\linkResolver.cpp, line 841]
Event: 1.871 Thread 0x0000020bfcbaf180 Exception <a 'java/lang/NoSuchMethodError'{0x000000008aba95c0}: 'java.lang.Object java.lang.invoke.DirectMethodHandle$Holder.invokeVirtual(java.lang.Object, java.lang.Object, java.lang.Object, java.lang.Object)'> (0x000000008aba95c0) 
thrown [s\open\src\hotspot\share\interpreter\linkResolver.cpp, line 774]
Event: 1.890 Thread 0x0000020be1c26340 Exception <a 'java/net/ConnectException'{0x000000008aa31c78}: Connection refused: getsockopt> (0x000000008aa31c78) 
thrown [s\open\src\hotspot\share\prims\jni.cpp, line 539]
Event: 1.913 Thread 0x0000020be1c26340 Exception <a 'java/net/ConnectException'{0x000000008aa32e48}: Connection refused: getsockopt> (0x000000008aa32e48) 
thrown [s\open\src\hotspot\share\prims\jni.cpp, line 539]
Event: 1.985 Thread 0x0000020bfcbaf180 Exception <a 'java/lang/NoSuchMethodError'{0x000000008aad9120}: 'java.lang.Object java.lang.invoke.DirectMethodHandle$Holder.newInvokeSpecial(java.lang.Object, java.lang.Object, int, int)'> (0x000000008aad9120) 
thrown [s\open\src\hotspot\share\interpreter\linkResolver.cpp, line 774]
Event: 1.987 Thread 0x0000020bfcbaf180 Exception <a 'java/lang/NoSuchMethodError'{0x000000008aae3820}: 'void java.lang.invoke.DirectMethodHandle$Holder.invokeStatic(java.lang.Object, java.lang.Object, int)'> (0x000000008aae3820) 
thrown [s\open\src\hotspot\share\interpreter\linkResolver.cpp, line 774]
Event: 2.029 Thread 0x0000020bfcbaf180 Exception <a 'java/lang/NoSuchMethodError'{0x000000008a9a8848}: 'void java.lang.invoke.DirectMethodHandle$Holder.invokeStatic(java.lang.Object, java.lang.Object, java.lang.Object, java.lang.Object, java.lang.Object, java.lang.Object, java.lang.Object)'> (0x000000008a9a8848) 
thrown [s\open\src\hotspot\share\interpreter\linkResolver.cpp, line 774]
Event: 3.291 Thread 0x0000020bfcbaf180 Exception <a 'java/lang/NoSuchMethodError'{0x000000008a7c6a60}: 'java.lang.Object java.lang.invoke.DirectMethodHandle$Holder.invokeSpecialIFC(java.lang.Object, java.lang.Object, java.lang.Object)'> (0x000000008a7c6a60) 
thrown [s\open\src\hotspot\share\interpreter\linkResolver.cpp, line 774]
Event: 3.434 Thread 0x0000020bfcbaf180 Exception <a 'java/lang/ClassNotFoundException'{0x000000008a38f248}: sun/util/logging/resources/spi/loggingProvider> (0x000000008a38f248) 
thrown [s\open\src\hotspot\share\classfile\systemDictionary.cpp, line 313]
Event: 8.521 Thread 0x0000020bfcbaf180 Exception <a 'java/lang/NoSuchMethodError'{0x000000008a142c20}: 'void java.lang.invoke.Invokers$Holder.invokeExact_MT(java.lang.Object, java.lang.Object, java.lang.Object, java.lang.Object)'> (0x000000008a142c20) 
thrown [s\open\src\hotspot\share\interpreter\linkResolver.cpp, line 774]

ZGC Phase Switch (0 events):
No events

VM Operations (20 events):
Event: 1.666 Executing VM operation: HandshakeAllThreads (Deoptimize)
Event: 1.666 Executing VM operation: HandshakeAllThreads (Deoptimize) done
Event: 1.689 Executing VM operation: HandshakeAllThreads (Deoptimize)
Event: 1.689 Executing VM operation: HandshakeAllThreads (Deoptimize) done
Event: 1.754 Executing VM operation: HandshakeAllThreads (Deoptimize)
Event: 1.754 Executing VM operation: HandshakeAllThreads (Deoptimize) done
Event: 1.877 Executing VM operation: HandshakeAllThreads (Deoptimize)
Event: 1.877 Executing VM operation: HandshakeAllThreads (Deoptimize) done
Event: 1.951 Executing VM operation: HandshakeAllThreads (Deoptimize)
Event: 1.951 Executing VM operation: HandshakeAllThreads (Deoptimize) done
Event: 2.962 Executing VM operation: Cleanup
Event: 2.963 Executing VM operation: Cleanup done
Event: 3.241 Executing VM operation: HandshakeAllThreads (Deoptimize)
Event: 3.241 Executing VM operation: HandshakeAllThreads (Deoptimize) done
Event: 3.251 Executing VM operation: HandshakeAllThreads (Deoptimize)
Event: 3.251 Executing VM operation: HandshakeAllThreads (Deoptimize) done
Event: 3.426 Executing VM operation: HandshakeAllThreads (Deoptimize)
Event: 3.426 Executing VM operation: HandshakeAllThreads (Deoptimize) done
Event: 4.439 Executing VM operation: Cleanup
Event: 4.439 Executing VM operation: Cleanup done

Memory protections (0 events):
No events

Nmethod flushes (0 events):
No events

Events (20 events):
Event: 1.576 Thread 0x0000020b9b5a1010 Thread exited: 0x0000020b9b5a1010
Event: 1.579 Thread 0x0000020be18cd920 Thread exited: 0x0000020be18cd920
Event: 1.640 Thread 0x0000020bfcbaf180 Thread added: 0x0000020be1abfe30
Event: 1.742 Thread 0x0000020b9b5a0940 Thread added: 0x0000020b9b5a16e0
Event: 1.857 Thread 0x0000020bfcbaf180 Thread added: 0x0000020be1b1b5a0
Event: 1.875 Thread 0x0000020bfcbaf180 Thread added: 0x0000020be1b1c490
Event: 1.877 Thread 0x0000020bfcbaf180 Thread added: 0x0000020be1b89520
Event: 1.877 Thread 0x0000020bfcbaf180 Thread added: 0x0000020be1b4ac00
Event: 1.879 Thread 0x0000020be1b89520 Thread added: 0x0000020be1c26340
Event: 1.951 Thread 0x0000020be1c26340 Thread added: 0x0000020be1c29130
Event: 2.052 Thread 0x0000020bfcbaf180 Thread added: 0x0000020be1c27060
Event: 2.089 Thread 0x0000020be1b1b5a0 Thread added: 0x0000020be1c27d80
Event: 2.090 Thread 0x0000020be1b1b5a0 Thread added: 0x0000020be1c25cb0
Event: 2.090 Thread 0x0000020b9b5a0940 Thread added: 0x0000020b9b5a3fc0
Event: 3.242 Thread 0x0000020b9b5a3fc0 Thread exited: 0x0000020b9b5a3fc0
Event: 3.242 Thread 0x0000020b9b5a16e0 Thread exited: 0x0000020b9b5a16e0
Event: 3.354 Thread 0x0000020bfcbaf180 Thread added: 0x0000020be1c269d0
Event: 3.356 Thread 0x0000020bfcbaf180 Thread added: 0x0000020be1c28aa0
Event: 3.359 Thread 0x0000020be1c269d0 Thread added: 0x0000020be1c28410
Event: 3.359 Thread 0x0000020be1c269d0 Thread added: 0x0000020be1c276f0


Dynamic libraries:
0x00007ff7c0010000 - 0x00007ff7c0020000 	C:\Program Files\Java\jdk-22\bin\java.exe
0x00007ff9928b0000 - 0x00007ff992ac7000 	C:\WINDOWS\SYSTEM32\ntdll.dll
0x00007ff991480000 - 0x00007ff991544000 	C:\WINDOWS\System32\KERNEL32.DLL
0x00007ff98fbc0000 - 0x00007ff98ff77000 	C:\WINDOWS\System32\KERNELBASE.dll
0x00007ff9903d0000 - 0x00007ff9904e1000 	C:\WINDOWS\System32\ucrtbase.dll
0x00007ff962b00000 - 0x00007ff962b1b000 	C:\Program Files\Java\jdk-22\bin\VCRUNTIME140.dll
0x00007ff975f00000 - 0x00007ff975f17000 	C:\Program Files\Java\jdk-22\bin\jli.dll
0x00007ff9924d0000 - 0x00007ff99267f000 	C:\WINDOWS\System32\USER32.dll
0x00007ff972180000 - 0x00007ff972413000 	C:\WINDOWS\WinSxS\amd64_microsoft.windows.common-controls_6595b64144ccf1df_6.0.22621.3672_none_2713b9d173822955\COMCTL32.dll
0x00007ff9902d0000 - 0x00007ff9902f6000 	C:\WINDOWS\System32\win32u.dll
0x00007ff9922e0000 - 0x00007ff992387000 	C:\WINDOWS\System32\msvcrt.dll
0x00007ff992680000 - 0x00007ff9926a9000 	C:\WINDOWS\System32\GDI32.dll
0x00007ff98ff80000 - 0x00007ff990098000 	C:\WINDOWS\System32\gdi32full.dll
0x00007ff990330000 - 0x00007ff9903ca000 	C:\WINDOWS\System32\msvcp_win.dll
0x00007ff990e40000 - 0x00007ff990e71000 	C:\WINDOWS\System32\IMM32.DLL
0x00007ff9713d0000 - 0x00007ff9713dc000 	C:\Program Files\Java\jdk-22\bin\vcruntime140_1.dll
0x00007ff91e690000 - 0x00007ff91e71e000 	C:\Program Files\Java\jdk-22\bin\msvcp140.dll
0x00007ff8f33f0000 - 0x00007ff8f4139000 	C:\Program Files\Java\jdk-22\bin\server\jvm.dll
0x00007ff9917f0000 - 0x00007ff9918a2000 	C:\WINDOWS\System32\ADVAPI32.dll
0x00007ff992230000 - 0x00007ff9922d8000 	C:\WINDOWS\System32\sechost.dll
0x00007ff990300000 - 0x00007ff990328000 	C:\WINDOWS\System32\bcrypt.dll
0x00007ff991650000 - 0x00007ff991764000 	C:\WINDOWS\System32\RPCRT4.dll
0x00007ff9918b0000 - 0x00007ff991921000 	C:\WINDOWS\System32\WS2_32.dll
0x00007ff98ea30000 - 0x00007ff98ea7d000 	C:\WINDOWS\SYSTEM32\POWRPROF.dll
0x00007ff987bc0000 - 0x00007ff987bf4000 	C:\WINDOWS\SYSTEM32\WINMM.dll
0x00007ff985b30000 - 0x00007ff985b3a000 	C:\WINDOWS\SYSTEM32\VERSION.dll
0x00007ff98ea10000 - 0x00007ff98ea23000 	C:\WINDOWS\SYSTEM32\UMPDC.dll
0x00007ff98ecc0000 - 0x00007ff98ecd8000 	C:\WINDOWS\SYSTEM32\kernel.appcore.dll
0x00007ff971320000 - 0x00007ff97132a000 	C:\Program Files\Java\jdk-22\bin\jimage.dll
0x00007ff98cf70000 - 0x00007ff98d1a2000 	C:\WINDOWS\SYSTEM32\DBGHELP.DLL
0x00007ff991000000 - 0x00007ff99138e000 	C:\WINDOWS\System32\combase.dll
0x00007ff9913a0000 - 0x00007ff991477000 	C:\WINDOWS\System32\OLEAUT32.dll
0x00007ff980680000 - 0x00007ff9806b2000 	C:\WINDOWS\SYSTEM32\dbgcore.DLL
0x00007ff990560000 - 0x00007ff9905db000 	C:\WINDOWS\System32\bcryptPrimitives.dll
0x00007ff96f8c0000 - 0x00007ff96f8cf000 	C:\Program Files\Java\jdk-22\bin\instrument.dll
0x00007ff956240000 - 0x00007ff95625e000 	C:\Program Files\Java\jdk-22\bin\java.dll
0x00007ff9919c0000 - 0x00007ff992229000 	C:\WINDOWS\System32\SHELL32.dll
0x00007ff990640000 - 0x00007ff9907e5000 	C:\WINDOWS\System32\ole32.dll
0x00007ff98daf0000 - 0x00007ff98e3ef000 	C:\WINDOWS\SYSTEM32\windows.storage.dll
0x00007ff98d9b0000 - 0x00007ff98daef000 	C:\WINDOWS\SYSTEM32\wintypes.dll
0x00007ff991550000 - 0x00007ff991649000 	C:\WINDOWS\System32\SHCORE.dll
0x00007ff990cd0000 - 0x00007ff990d2e000 	C:\WINDOWS\System32\shlwapi.dll
0x00007ff98faf0000 - 0x00007ff98fb17000 	C:\WINDOWS\SYSTEM32\profapi.dll
0x00007ff91e5b0000 - 0x00007ff91e687000 	C:\Program Files\Java\jdk-22\bin\jsvml.dll
0x00007ff94d540000 - 0x00007ff94d557000 	C:\Program Files\Java\jdk-22\bin\zip.dll
0x00007ff9700e0000 - 0x00007ff9700f0000 	C:\Program Files\Java\jdk-22\bin\net.dll
0x00007ff98f130000 - 0x00007ff98f199000 	C:\WINDOWS\system32\mswsock.dll
0x00007ff951590000 - 0x00007ff9515a6000 	C:\Program Files\Java\jdk-22\bin\nio.dll
0x00007ff9479a0000 - 0x00007ff9479ba000 	D:\programs\IntelliJ IDEA Community Edition 2024.2.1\bin\breakgen64.dll
0x00007ff96d560000 - 0x00007ff96d569000 	C:\Program Files\Java\jdk-22\bin\extnet.dll
0x00007ff98f370000 - 0x00007ff98f38b000 	C:\WINDOWS\SYSTEM32\CRYPTSP.dll
0x00007ff98ec20000 - 0x00007ff98ec55000 	C:\WINDOWS\system32\rsaenh.dll
0x00007ff98f1f0000 - 0x00007ff98f218000 	C:\WINDOWS\SYSTEM32\USERENV.dll
0x00007ff98f360000 - 0x00007ff98f36c000 	C:\WINDOWS\SYSTEM32\CRYPTBASE.dll
0x00007ff98e6c0000 - 0x00007ff98e6ed000 	C:\WINDOWS\SYSTEM32\IPHLPAPI.DLL
0x00007ff991770000 - 0x00007ff991779000 	C:\WINDOWS\System32\NSI.dll
0x00007ff98e730000 - 0x00007ff98e832000 	C:\WINDOWS\SYSTEM32\DNSAPI.dll
0x0000000063710000 - 0x0000000063736000 	C:\Program Files\Bonjour\mdnsNSP.dll
0x00007ff9872d0000 - 0x00007ff9872da000 	C:\Windows\System32\rasadhlp.dll
0x00007ff986740000 - 0x00007ff9867c3000 	C:\WINDOWS\System32\fwpuclnt.dll
0x00007ff96cf50000 - 0x00007ff96cf5e000 	C:\Program Files\Java\jdk-22\bin\sunmscapi.dll
0x00007ff9900a0000 - 0x00007ff990206000 	C:\WINDOWS\System32\CRYPT32.dll
0x00007ff98f560000 - 0x00007ff98f58d000 	C:\WINDOWS\SYSTEM32\ncrypt.dll
0x00007ff98f520000 - 0x00007ff98f557000 	C:\WINDOWS\SYSTEM32\NTASN1.dll
0x00007ff8eef70000 - 0x00007ff8eef78000 	C:\WINDOWS\system32\wshunix.dll

dbghelp: loaded successfully - version: 4.0.5 - missing functions: none
symbol engine: initialized successfully - sym options: 0x614 - pdb path: .;C:\Program Files\Java\jdk-22\bin;C:\WINDOWS\SYSTEM32;C:\WINDOWS\WinSxS\amd64_microsoft.windows.common-controls_6595b64144ccf1df_6.0.22621.3672_none_2713b9d173822955;C:\Program Files\Java\jdk-22\bin\server;D:\programs\IntelliJ IDEA Community Edition 2024.2.1\bin;C:\Program Files\Bonjour

VM Arguments:
jvm_args: -Dorg.jetbrains.run.directory=D:\STUDY\DEPI TESTING\Testing_projects Depi\CucumberFrameWork\src\main\resources\features -javaagent:D:\programs\IntelliJ IDEA Community Edition 2024.2.1\lib\idea_rt.jar=61008:D:\programs\IntelliJ IDEA Community Edition 2024.2.1\bin -Dfile.encoding=UTF-8 -Dsun.stdout.encoding=UTF-8 -Dsun.stderr.encoding=UTF-8 
java_command: io.cucumber.core.cli.Main --plugin org.jetbrains.plugins.cucumber.java.run.CucumberJvm5SMFormatter --name ^log_out$ --glue org.example.stepDefs D:/STUDY/DEPI TESTING/Testing_projects Depi/CucumberFrameWork/src/main/resources/features/F03_Log_out.feature
java_class_path (initial): D:\STUDY\DEPI TESTING\Testing_projects Depi\CucumberFrameWork\target\test-classes;D:\STUDY\DEPI TESTING\Testing_projects Depi\CucumberFrameWork\target\classes;C:\Users\DELL\.m2\repository\org\seleniumhq\selenium\selenium-java\4.21.0\selenium-java-4.21.0.jar;C:\Users\DELL\.m2\repository\org\seleniumhq\selenium\selenium-api\4.21.0\selenium-api-4.21.0.jar;C:\Users\DELL\.m2\repository\org\seleniumhq\selenium\selenium-chrome-driver\4.21.0\selenium-chrome-driver-4.21.0.jar;C:\Users\DELL\.m2\repository\com\google\auto\service\auto-service-annotations\1.1.1\auto-service-annotations-1.1.1.jar;C:\Users\DELL\.m2\repository\org\seleniumhq\selenium\selenium-chromium-driver\4.21.0\selenium-chromium-driver-4.21.0.jar;C:\Users\DELL\.m2\repository\org\seleniumhq\selenium\selenium-json\4.21.0\selenium-json-4.21.0.jar;C:\Users\DELL\.m2\repository\org\seleniumhq\selenium\selenium-manager\4.21.0\selenium-manager-4.21.0.jar;C:\Users\DELL\.m2\repository\org\seleniumhq\selenium\selenium-devtools-v123\4.21.0\selenium-devtools-v123-4.21.0.jar;C:\Users\DELL\.m2\repository\org\seleniumhq\selenium\selenium-devtools-v124\4.21.0\selenium-devtools-v124-4.21.0.jar;C:\Users\DELL\.m2\repository\org\seleniumhq\selenium\selenium-devtools-v125\4.21.0\selenium-devtools-v125-4.21.0.jar;C:\Users\DELL\.m2\repository\org\seleniumhq\selenium\selenium-devtools-v85\4.21.0\selenium-devtools-v85-4.21.0.jar;C:\Users\DELL\.m2\repository\org\seleniumhq\selenium\selenium-edge-driver\4.21.0\selenium-edge-driver-4.21.0.jar;C:\Users\DELL\.m2\repository\org\seleniumhq\selenium\selenium-firefox-driver\4.21.0\selenium-firefox-driver-4.21.0.jar;C:\Users\DELL\.m2\repository\org\seleniumhq\selenium\selenium-http\4.21.0\selenium-http-4.21.0.jar;C:\Users\DELL\.m2\repository\dev\failsafe\failsafe\3.3.2\failsafe-3.3.2.jar;C:\Users\DELL\.m2\repository\org\seleniumhq\selenium\selenium-ie-driver\4.21.0\selenium-ie-driver-4.21.0.jar;C:\Users\DELL\.m2\repository\org\seleniumhq\selenium\selenium-remote-driver\4.21.0\selenium-remote-driver-4.21.0.jar;C:\Users\DELL\.m2\repository\com\google\guava\guava\33.2.0-jre\guava-33.2.0-jre.jar;C:\Users\DELL\.m2\repository\com\google\guava\failureaccess\1.0.2\failureaccess-1.0.2.jar;C:\Users\DELL\.m2\repository\com\google\guava\listenablefuture\9999.0-empty-to-avoid-conflict-with-guava\listenablefuture-9999.0-empty-to-avoid-conflict-with-guava.jar;C:\Users\DELL\.m2\repository\com\google\code\findbugs\jsr305\3.0.2\jsr305-3.0.2.jar;C:\Users\DELL\.m2\repository\org\checkerframework\checker-qual\3.42.0\checker-qual-3.42.0.jar;C:\Users\DELL\.m2\repository\com\google\errorprone\error_prone_annotations\2.26.1\error_prone_annotations-2.26.1.jar;C:\Users\DELL\.m2\repository\com\google\j2objc\j2objc-annotations\3.0.0\j2objc-annotations-3.0.0.jar;C:\Users\DELL\.m2\repository\io\opentelemetry\semconv\opentelemetry-semconv\1.25.0-alpha\opentelemetry-semconv-1.25.0-alpha.jar;C:\Users\DELL\.m2\repository\io\opentelemetry\opentelemetry-api\1.38.0\opentelemetry-api-1.38.0.jar;C:\Users\DELL\.m2\repository\io\opentelemetry\opentelemetry-context\1.38.0\opentelemetry-context-1.38.0.jar;C:\Users\DELL\.m2\repository\io\opentelemetry\opentelemetry-exporter-logging\1.38.0\opentelemetry-exporter-logging-1.38.0.jar;C:\Users\DELL\.m2\repository\io\opentelemetry\opentelemetry-sdk-common\1.38.0\opentelemetry-sdk-common-1.38.0.jar;C:\Users\DELL\.m2\repository\io\opentelemetry\opentelemetry-sdk-extension-autoconfigure-spi\1.38.0\opentelemetry-sdk-extension-autoconfigure-spi-1.38.0.jar;C:\Users\DELL\.m2\repository\io\opentelemetry\opentelemetry-sdk-extension-autoconfigure\1.38.0\opentelemetry-sdk-extension-autoconfigure-1.38.0.jar;C:\Users\DELL\.m2\repository\io\opentelemetry\opentelemetry-api-incubator\1.38.0-alpha\opentelemetry-api-incubator-1.38.0-alpha.jar;C:\Users\DELL\.m2\repository\io\opentelemetry\opentelemetry-sdk-trace\1.38.0\opentelemetry-sdk-trace-1.38.0.jar;C:\Users\DELL\.m2\repository\io\opentelemetry\opentelemetry-sdk\1.38.0\opentelemetry-sdk-1.38.0.jar;C:\Users\DELL\.m2\repository\io\opentelemetry\opentelemetry-sdk-metrics\1.38.0\opentelemetry-sdk-metrics-1.38.0.jar;C:\Users\DELL\.m2\repository\io\opentelemetry\opentelemetry-sdk-logs\1.38.0\opentelemetry-sdk-logs-1.38.0.jar;C:\Users\DELL\.m2\repository\net\bytebuddy\byte-buddy\1.14.15\byte-buddy-1.14.15.jar;C:\Users\DELL\.m2\repository\org\seleniumhq\selenium\selenium-os\4.21.0\selenium-os-4.21.0.jar;C:\Users\DELL\.m2\repository\org\apache\commons\commons-exec\1.4.0\commons-exec-1.4.0.jar;C:\Users\DELL\.m2\repository\org\seleniumhq\selenium\selenium-safari-driver\4.21.0\selenium-safari-driver-4.21.0.jar;C:\Users\DELL\.m2\repository\org\seleniumhq\selenium\selenium-support\4.21.0\selenium-support-4.21.0.jar;C:\Users\DELL\.m2\repository\io\cucumber\cucumber-java\7.18.0\cucumber-java-7.18.0.jar;C:\Users\DELL\.m2\repository\io\cucumber\cucumber-core\7.18.0\cucumber-core-7.18.0.jar;C:\Users\DELL\.m2\repository\io\cucumber\cucumber-gherkin\7.18.0\cucumber-gherkin-7.18.0.jar;C:\Users\DELL\.m2\repository\io\cucumber\cucumber-gherkin-messages\7.18.0\cucumber-gherkin-messages-7.18.0.jar;C:\Users\DELL\.m2\repository\io\cucumber\gherkin\28.0.0\gherkin-28.0.0.jar;C:\Users\DELL\.m2\repository\io\cucumber\messages\24.1.0\messages-24.1.0.jar;C:\Users\DELL\.m2\repository\io\cucumber\testng-xml-formatter\0.1.0\testng-xml-formatter-0.1.0.jar;C:\Users\DELL\.m2\repository\io\cucumber\query\12.2.0\query-12.2.0.jar;C:\Users\DELL\.m2\repository\io\cucumber\tag-expressions\6.1.0\tag-expressions-6.1.0.jar;C:\Users\DELL\.m2\repository\io\cucumber\cucumber-expressions\17.1.0\cucumber-expressions-17.1.0.jar;C:\Users\DELL\.m2\repository\io\cucumber\datatable\7.18.0\datatable-7.18.0.jar;C:\Users\DELL\.m2\repository\io\cucumber\cucumber-plugin\7.18.0\cucumber-plugin-7.18.0.jar;C:\Users\DELL\.m2\repository\io\cucumber\docstring\7.18.0\docstring-7.18.0.jar;C:\Users\DELL\.m2\repository\io\cucumber\html-formatter\21.3.1\html-formatter-21.3.1.jar;C:\Users\DELL\.m2\repository\io\cucumber\junit-xml-formatter\0.4.0\junit-xml-formatter-0.4.0.jar;C:\Users\DELL\.m2\repository\io\cucumber\ci-environment\10.0.1\ci-environment-10.0.1.jar;C:\Users\DELL\.m2\repository\org\apiguardian\apiguardian-api\1.1.2\apiguardian-api-1.1.2.jar;C:\Users\DELL\.m2\repository\io\cucumber\cucumber-testng\7.15.0\cucumber-testng-7.15.0.jar;C:\Users\DELL\.m2\repository\org\testng\testng\7.8.0\testng-7.8.0.jar;C:\Users\DELL\.m2\repository\org\slf4j\slf4j-api\1.7.36\slf4j-api-1.7.36.jar;C:\Users\DELL\.m2\repository\com\beust\jcommander\1.82\jcommander-1.82.jar;C:\Users\DELL\.m2\repository\org\webjars\jquery\3.6.1\jquery-3.6.1.jar;C:\Users\DELL\.m2\repository\com\github\javafaker\javafaker\1.0.2\javafaker-1.0.2.jar;C:\Users\DELL\.m2\repository\org\apache\commons\commons-lang3\3.5\commons-lang3-3.5.jar;C:\Users\DELL\.m2\repository\org\yaml\snakeyaml\1.23\snakeyaml-1.23-android.jar;C:\Users\DELL\.m2\repository\com\github\mifmif\generex\1.0.2\generex-1.0.2.jar;C:\Users\DELL\.m2\repository\dk\brics\automaton\automaton\1.11-8\automaton-1.11-8.jar;C:\Users\DELL\.m2\repository\com\google\code\gson\gson\2.10.1\gson-2.10.1.jar;C:\Users\DELL\.m2\repository\com\googlecode\json-simple\json-simple\1.1.1\json-simple-1.1.1.jar;C:\Users\DELL\.m2\repository\junit\junit\4.10\junit-4.10.jar;C:\Users\DELL\.m2\repository\org\hamcrest\hamcrest-core\1.1\hamcrest-core-1.1.jar;C:\Users\DELL\.m2\repository\commons-io\commons-io\2.16.1\commons-io-2.16.1.jar;D:\programs\IntelliJ IDEA Community Edition 2024.2.1\plugins\junit\lib\junit-rt.jar;C:\Users\DELL\AppData\Roaming\JetBrains\IdeaIC2024.2\plugins\cucumber-java\lib\cucumber-jvmFormatter.jar;C:\Users\DELL\AppData\Roaming\JetBrains\IdeaIC2024.2\plugins\cucumber-java\lib\cucumber-jvmFormatter5.jar;C:\Users\DELL\AppData\Roaming\JetBrains\IdeaIC2024.2\plugins\cucumber-java\lib\cucumber-jvmFormatter4.jar;C:\Users\DELL\AppData\Roaming\JetBrains\IdeaIC2024.2\plugins\cucumber-java\lib\cucumber-jvmFormatter3.jar
Launcher Type: SUN_STANDARD

[Global flags]
     intx CICompilerCount                          = 4                                         {product} {ergonomic}
     uint ConcGCThreads                            = 2                                         {product} {ergonomic}
     uint G1ConcRefinementThreads                  = 8                                         {product} {ergonomic}
   size_t G1HeapRegionSize                         = 1048576                                   {product} {ergonomic}
   size_t InitialHeapSize                          = 132120576                                 {product} {ergonomic}
   size_t MarkStackSize                            = 4194304                                   {product} {ergonomic}
   size_t MaxHeapSize                              = 2088763392                                {product} {ergonomic}
   size_t MaxNewSize                               = 1253048320                                {product} {ergonomic}
   size_t MinHeapDeltaBytes                        = 1048576                                   {product} {ergonomic}
   size_t MinHeapSize                              = 8388608                                   {product} {ergonomic}
    uintx NonNMethodCodeHeapSize                   = 5839372                                {pd product} {ergonomic}
    uintx NonProfiledCodeHeapSize                  = 122909434                              {pd product} {ergonomic}
    uintx ProfiledCodeHeapSize                     = 122909434                              {pd product} {ergonomic}
    uintx ReservedCodeCacheSize                    = 251658240                              {pd product} {ergonomic}
     bool SegmentedCodeCache                       = true                                      {product} {ergonomic}
   size_t SoftMaxHeapSize                          = 2088763392                             {manageable} {ergonomic}
     bool UseCompressedOops                        = true                           {product lp64_product} {ergonomic}
     bool UseG1GC                                  = true                                      {product} {ergonomic}
     bool UseLargePagesIndividualAllocation        = false                                  {pd product} {ergonomic}

Logging:
Log output configuration:
 #0: stdout all=warning uptime,level,tags foldmultilines=false
 #1: stderr all=off uptime,level,tags foldmultilines=false

Environment Variables:
PATH=C:\Program Files\Common Files\Oracle\Java\javapath;C:\Program Files (x86)\Siemens\Automation\SCADA-RT_V11\WinCC\Bin;C:\Program Files\Common Files\Siemens\Automation\Simatic OAM\bin;C:\Program Files (x86)\Common Files\Siemens\Bin;C:\Program Files (x86)\Common Files\Siemens\CommonArchiving;C:\Program Files (x86)\Common Files\Siemens\ACE\Bin;C:\Program Files (x86)\NVIDIA Corporation\PhysX\Common;C:\Windows\system32;C:\Windows;C:\Windows\System32\Wbem;C:\Windows\System32\WindowsPowerShell\v1.0\;C:\Windows\System32\OpenSSH\;C:\WINDOWS\system32;C:\WINDOWS;C:\WINDOWS\System32\Wbem;C:\WINDOWS\System32\WindowsPowerShell\v1.0\;C:\WINDOWS\System32\OpenSSH\;C:\Program Files\dotnet\;C:\Program Files (x86)\Windows Kits\8.1\Windows Performance Toolkit\;C:\Program Files\Microsoft SQL Server\Client SDK\ODBC\110\Tools\Binn\;C:\Program Files (x86)\Microsoft SQL Server\120\Tools\Binn\;C:\Program Files\Microsoft SQL Server\120\Tools\Binn\;C:\Program Files\Microsoft SQL Server\120\DTS\Binn\;c:\Program Files (x86)\Microsoft SQL Server\100\Tools\Binn\;c:\Program Files\Microsoft SQL Server\100\Tools\Binn\;c:\Program Files\Microsoft SQL Server\100\DTS\Binn\;C:\Program Files\PKWARE\pkzipc;C:\Program Files\Git\cmd;C:\Program Files (x86)\GitExtensions\;C:\Program Files\CodeBlocks\MinGW\bin;C:\Program Files\CodeBlocks\MinGW\bin;C:\Program Files\CMake\bin;C:\Program Files (x86)\Microsoft SQL Server\Client SDK\ODBC\110\Tools\Binn\;C:\Program Files (x86)\Microsoft SQL Server\120\DTS\Binn\;C:\Program Files (x86)\Siemens\Automation\SCADA-RT_V11\WinCC\Interfaces;C:\Program Files (x86)\Common Files\Siemens\;C:\Program Files (x86)\Common Files\Siemens\Interfaces;C:\Program Files (x86)\Common Files\Siemens\ACE\Interfaces;C:\msys64\mingw64\bin;C:\Program Files (x86)\Windows Kits\10\Windows Performance Toolkit\;C:\Program Files\NVIDIA Corporation\NVIDIA app\NvDLISR;C:\Users\DELL\AppData\Local\Microsoft\WindowsApps;;C:\Users\DELL\AppData\Local\Programs\Microsoft VS Code\bin
USERNAME=DELL
OS=Windows_NT
PROCESSOR_IDENTIFIER=Intel64 Family 6 Model 165 Stepping 2, GenuineIntel
TMP=C:\Users\DELL\AppData\Local\Temp
TEMP=C:\Users\DELL\AppData\Local\Temp




Periodic native trim disabled

---------------  S Y S T E M  ---------------

OS:
 Windows 11 , 64 bit Build 22621 (10.0.22621.3958)
OS uptime: 0 days 10:02 hours
Hyper-V role detected

CPU: total 8 (initial active 8) (4 cores per cpu, 2 threads per core) family 6 model 165 stepping 2 microcode 0xfc, cx8, cmov, fxsr, ht, mmx, 3dnowpref, sse, sse2, sse3, ssse3, sse4.1, sse4.2, popcnt, lzcnt, tsc, tscinvbit, avx, avx2, aes, erms, clmul, bmi1, bmi2, adx, fma, vzeroupper, clflush, clflushopt, hv, rdtscp, f16c
Processor Information for all 8 processors :
  Max Mhz: 2400, Current Mhz: 2400, Mhz Limit: 2400

Memory: 4k page, system-wide physical 7967M (1968M free)
TotalPageFile size 12990M (AvailPageFile size 1M)
current process WorkingSet (physical memory assigned to process): 45M, peak: 141M
current process commit charge ("private bytes"): 241M, peak: 280M

vm_info: Java HotSpot(TM) 64-Bit Server VM (22.0.2+9-70) for windows-amd64 JRE (22.0.2+9-70), built on 2024-06-04T16:52:23Z by "mach5one" with MS VC++ 17.6 (VS2022)

END.
